<?xml version="1.0" encoding="UTF-8"?>
<!-- Generated by org.testng.reporters.JUnitXMLReporter -->
<testsuite ignored="0" hostname="DESKTOP-8MHIK2P" failures="0" tests="3" name="Default test" time="2.565" errors="0" timestamp="2021-06-21T12:33:51 BST">
  <testcase classname="APITests" name="GetListResourceTest" time="2.142"/>
  <testcase classname="APITests" name="PostLoginSuccessful" time="0.174"/>
  <testcase classname="APITests" name="PostRegisterSuccessful" time="0.201"/>
</testsuite> <!-- Default test -->
