<?xml version="1.0" encoding="UTF-8"?>
<testng-results ignored="0" total="1" passed="1" failed="0" skipped="0">
  <reporter-output>
  </reporter-output>
  <suite started-at="2021-06-18T22:25:37 BST" name="Surefire suite" finished-at="2021-06-18T22:25:37 BST" duration-ms="57">
    <groups>
    </groups>
    <test started-at="2021-06-18T22:25:37 BST" name="Surefire test" finished-at="2021-06-18T22:25:37 BST" duration-ms="57">
      <class name="MyTests">
        <test-method signature="testHelloWorld()[pri:0, instance:MyTests@1f021e6c]" started-at="2021-06-18T22:25:37 BST" name="testHelloWorld" finished-at="2021-06-18T22:25:37 BST" duration-ms="5" status="PASS">
          <reporter-output>
          </reporter-output>
        </test-method> <!-- testHelloWorld -->
      </class> <!-- MyTests -->
    </test> <!-- Surefire test -->
  </suite> <!-- Surefire suite -->
</testng-results>
