<?xml version="1.0" encoding="UTF-8"?>
<testng-results ignored="0" total="3" passed="3" failed="0" skipped="0">
  <reporter-output>
  </reporter-output>
  <suite started-at="2021-06-21T12:33:48 BST" name="Default suite" finished-at="2021-06-21T12:33:51 BST" duration-ms="2565">
    <groups>
    </groups>
    <test started-at="2021-06-21T12:33:48 BST" name="Default test" finished-at="2021-06-21T12:33:51 BST" duration-ms="2565">
      <class name="APITests">
        <test-method signature="GetListResourceTest()[pri:0, instance:APITests@4c9f8c13]" started-at="2021-06-21T12:33:48 BST" name="GetListResourceTest" finished-at="2021-06-21T12:33:50 BST" duration-ms="2142" status="PASS">
          <reporter-output>
          </reporter-output>
        </test-method> <!-- GetListResourceTest -->
        <test-method signature="PostLoginSuccessful()[pri:0, instance:APITests@4c9f8c13]" started-at="2021-06-21T12:33:50 BST" name="PostLoginSuccessful" finished-at="2021-06-21T12:33:50 BST" duration-ms="174" status="PASS">
          <reporter-output>
          </reporter-output>
        </test-method> <!-- PostLoginSuccessful -->
        <test-method signature="PostRegisterSuccessful()[pri:0, instance:APITests@4c9f8c13]" started-at="2021-06-21T12:33:50 BST" name="PostRegisterSuccessful" finished-at="2021-06-21T12:33:51 BST" duration-ms="201" status="PASS">
          <reporter-output>
          </reporter-output>
        </test-method> <!-- PostRegisterSuccessful -->
      </class> <!-- APITests -->
    </test> <!-- Default test -->
  </suite> <!-- Default suite -->
</testng-results>
